{
  "stats": {
    "suites": 1,
    "tests": 1,
    "passes": 1,
    "pending": 0,
    "failures": 0,
    "start": "2025-01-22T06:01:51.005Z",
    "end": "2025-01-22T06:01:56.722Z",
    "duration": 5717,
    "testsRegistered": 1,
    "passPercent": 100,
    "pendingPercent": 0,
    "other": 0,
    "hasOther": false,
    "skipped": 0,
    "hasSkipped": false
  },
  "results": [
    {
      "uuid": "8e4376cd-0f8e-4922-805d-7fbb017e754e",
      "title": "",
      "fullFile": "cypress\\integration\\smoke\\login_smoke.spec.js",
      "file": "cypress\\integration\\smoke\\login_smoke.spec.js",
      "beforeHooks": [],
      "afterHooks": [],
      "tests": [],
      "suites": [
        {
          "uuid": "7a6a2586-2239-4ae4-be07-e81ee061c54d",
          "title": "Smoke Test: Login",
          "fullFile": "",
          "file": "",
          "beforeHooks": [],
          "afterHooks": [],
          "tests": [
            {
              "title": "should login successfully with valid credentials",
              "fullTitle": "Smoke Test: Login should login successfully with valid credentials",
              "timedOut": null,
              "duration": 5696,
              "state": "passed",
              "speed": "medium",
              "pass": true,
              "fail": false,
              "pending": false,
              "context": null,
              "code": "cy.fixture('loginData').then(data => {\n  loginPage.visit();\n  loginPage.enterUsername(data.validUser.username);\n  loginPage.enterPassword(data.validUser.password);\n  loginPage.clickLogin();\n  cy.url().should('include', 'https://adactinhotelapp.com/SearchHotel.php');\n});",
              "err": {},
              "uuid": "655fdb48-6484-4f5e-8547-804de0575f90",
              "parentUUID": "7a6a2586-2239-4ae4-be07-e81ee061c54d",
              "isHook": false,
              "skipped": false
            }
          ],
          "suites": [],
          "passes": [
            "655fdb48-6484-4f5e-8547-804de0575f90"
          ],
          "failures": [],
          "pending": [],
          "skipped": [],
          "duration": 5696,
          "root": false,
          "rootEmpty": false,
          "_timeout": 2000
        }
      ],
      "passes": [],
      "failures": [],
      "pending": [],
      "skipped": [],
      "duration": 0,
      "root": true,
      "rootEmpty": true,
      "_timeout": 2000
    }
  ],
  "meta": {
    "mocha": {
      "version": "7.0.1"
    },
    "mochawesome": {
      "options": {
        "quiet": false,
        "reportFilename": "mochawesome",
        "saveHtml": false,
        "saveJson": true,
        "consoleReporter": "spec",
        "useInlineDiffs": false,
        "code": true
      },
      "version": "7.1.3"
    },
    "marge": {
      "options": {
        "reportDir": "cypress\\reports\\.jsons",
        "overwrite": false,
        "html": false,
        "json": true
      },
      "version": "6.2.0"
    }
  }
}